<?xml version="1.0" encoding="UTF-8"?>
<testsuite xmlns:xsi="http://www.w3.org/2001/XMLSchema-instance" xsi:noNamespaceSchemaLocation="https://maven.apache.org/surefire/maven-surefire-plugin/xsd/surefire-test-report-3.0.xsd" version="3.0" name="tests.ApiDashboardTest" time="4.88" tests="1" errors="0" skipped="0" failures="0">
  <properties>
[...]
</properties>
  <testcase name="testIntegracaoDashboardComEspera" classname="tests.ApiDashboardTest" time="4.852">
    <system-out><![CDATA[Integração Dashboard: OK (Assíncrono concluído)
]]></system-out>
  </testcase>
</testsuite>